make --dry-run --always-make --keep-going --print-directory
make: Entering directory '/home/igor/42/printf'
clang -Wall -Wextra -Werror -g   -c -o ft_printf.o ft_printf.c
clang -Wall -Wextra -Werror -g   -c -o dispatch.o dispatch.c
clang -Wall -Wextra -Werror -g   -c -o handle_d.o handle_d.c
clang -Wall -Wextra -Werror -g   -c -o ft_putnbr_base.o ft_putnbr_base.c
clang -Wall -Wextra -Werror -g   -c -o handle_c.o handle_c.c
clang -Wall -Wextra -Werror -g   -c -o handle_s.o handle_s.c
clang -Wall -Wextra -Werror -g   -c -o handle_p.o handle_p.c
clang -Wall -Wextra -Werror -g   -c -o handle_u.o handle_u.c
clang -Wall -Wextra -Werror -g   -c -o handle_x.o handle_x.c
clang -Wall -Wextra -Werror -g   -c -o handle_bigx.o handle_bigx.c
clang -Wall -Wextra -Werror -g   -c -o handle_perc.o handle_perc.c
clang -Wall -Wextra -Werror -g   -c -o init_table.o init_table.c
clang -Wall -Wextra -Werror -g   -c -o reset_table.o reset_table.c
clang -Wall -Wextra -Werror -g   -c -o parse.o parse.c
clang -Wall -Wextra -Werror -g   -c -o read_flags.o read_flags.c
clang -Wall -Wextra -Werror -g   -c -o handle_spec.o handle_spec.c
clang -Wall -Wextra -Werror -g   -c -o handle_spec_u.o handle_spec_u.c
clang -Wall -Wextra -Werror -g   -c -o handle_spec_x.o handle_spec_x.c
clang -Wall -Wextra -Werror -g   -c -o handle_spec_bigx.o handle_spec_bigx.c
clang -Wall -Wextra -Werror -g   -c -o handle_spec_c.o handle_spec_c.c
clang -Wall -Wextra -Werror -g   -c -o handle_spec_p.o handle_spec_p.c
clang -Wall -Wextra -Werror -g   -c -o handle_precis.o handle_precis.c
ar rcs libftprintf.a ft_printf.o dispatch.o handle_d.o ft_putnbr_base.o handle_c.o handle_s.o handle_p.o handle_u.o handle_x.o handle_bigx.o handle_perc.o init_table.o reset_table.o parse.o read_flags.o handle_spec.o handle_spec_u.o handle_spec_x.o handle_spec_bigx.o handle_spec_c.o handle_spec_p.o handle_precis.o
rm -f ft_printf.o dispatch.o handle_d.o ft_putnbr_base.o handle_c.o handle_s.o handle_p.o handle_u.o handle_x.o handle_bigx.o handle_perc.o init_table.o reset_table.o parse.o read_flags.o handle_spec.o handle_spec_u.o handle_spec_x.o handle_spec_bigx.o handle_spec_c.o handle_spec_p.o handle_precis.o
make: Leaving directory '/home/igor/42/printf'
 
